C:\Users\bmd1\Documents\GitHub\GP2BaseCode\GP2BaseCode\Debug\Lab1.pdb
C:\Users\bmd1\Documents\GitHub\GP2BaseCode\GP2BaseCode\Lab1\Debug\cl.command.1.tlog
C:\Users\bmd1\Documents\GitHub\GP2BaseCode\GP2BaseCode\Lab1\Debug\CL.read.1.tlog
C:\Users\bmd1\Documents\GitHub\GP2BaseCode\GP2BaseCode\Lab1\Debug\CL.write.1.tlog
C:\Users\bmd1\Documents\GitHub\GP2BaseCode\GP2BaseCode\Lab1\Debug\Lab1.exe.embed.manifest
C:\USERS\BMD1\DOCUMENTS\GITHUB\GP2BASECODE\GP2BASECODE\LAB1\DEBUG\LAB1.EXE.EMBED.MANIFEST.RES
C:\Users\bmd1\Documents\GitHub\GP2BaseCode\GP2BaseCode\Lab1\Debug\Lab1.exe.intermediate.manifest
C:\Users\bmd1\Documents\GitHub\GP2BaseCode\GP2BaseCode\Lab1\Debug\Lab1_manifest.rc
C:\Users\bmd1\Documents\GitHub\GP2BaseCode\GP2BaseCode\Lab1\Debug\link.command.1.tlog
C:\Users\bmd1\Documents\GitHub\GP2BaseCode\GP2BaseCode\Lab1\Debug\link.read.1.tlog
C:\Users\bmd1\Documents\GitHub\GP2BaseCode\GP2BaseCode\Lab1\Debug\link.write.1.tlog
C:\Users\bmd1\Documents\GitHub\GP2BaseCode\GP2BaseCode\Lab1\Debug\link-cvtres.read.1.tlog
C:\Users\bmd1\Documents\GitHub\GP2BaseCode\GP2BaseCode\Lab1\Debug\link-cvtres.write.1.tlog
C:\USERS\BMD1\DOCUMENTS\GITHUB\GP2BASECODE\GP2BASECODE\LAB1\DEBUG\MAIN.OBJ
C:\Users\bmd1\Documents\GitHub\GP2BaseCode\GP2BaseCode\Lab1\Debug\rc.command.1.tlog
C:\Users\bmd1\Documents\GitHub\GP2BaseCode\GP2BaseCode\Lab1\Debug\rc.read.1.tlog
C:\Users\bmd1\Documents\GitHub\GP2BaseCode\GP2BaseCode\Lab1\Debug\rc.write.1.tlog
C:\Users\bmd1\Documents\GitHub\GP2BaseCode\GP2BaseCode\Lab1\Debug\ResolveAssemblyReference.cache
C:\Users\bmd1\Documents\GitHub\GP2BaseCode\GP2BaseCode\Lab1\Debug\vc100.idb
C:\USERS\BMD1\DOCUMENTS\GITHUB\GP2BASECODE\GP2BASECODE\LAB1\DEBUG\VC100.PDB
