Build started 17/09/2013 13:47:40.
     1>Project "C:\Users\bmd1\Documents\GitHub\GP2BaseCode\GP2BaseCode\Lab1\Lab1.vcxproj" on node 3 (build target(s)).
     1>InitializeBuildStatus:
         Touching "Debug\Lab1.unsuccessfulbuild".
       ClCompile:
         All outputs are up-to-date.
       ManifestResourceCompile:
         All outputs are up-to-date.
       Link:
         c:\Program Files (x86)\Microsoft Visual Studio 10.0\VC\bin\link.exe /ERRORREPORT:PROMPT /OUT:"C:\Users\bmd1\Documents\GitHub\GP2BaseCode\GP2BaseCode\Debug\Lab1.exe" /INCREMENTAL /NOLOGO kernel32.lib user32.lib gdi32.lib winspool.lib comdlg32.lib advapi32.lib shell32.lib ole32.lib oleaut32.lib uuid.lib odbc32.lib odbccp32.lib /MANIFEST /ManifestFile:"Debug\Lab1.exe.intermediate.manifest" /MANIFESTUAC:"level='asInvoker' uiAccess='false'" /DEBUG /PDB:"C:\Users\bmd1\Documents\GitHub\GP2BaseCode\GP2BaseCode\Debug\Lab1.pdb" /SUBSYSTEM:WINDOWS /TLBID:1 /DYNAMICBASE /NXCOMPAT /IMPLIB:"C:\Users\bmd1\Documents\GitHub\GP2BaseCode\GP2BaseCode\Debug\Lab1.lib" /MACHINE:X86 Debug\Lab1.exe.embed.manifest.res
         Debug\main.obj
         C:\Users\bmd1\Documents\GitHub\GP2BaseCode\GP2BaseCode\Debug\GameApplication.lib
         C:\Users\bmd1\Documents\GitHub\GP2BaseCode\GP2BaseCode\Debug\Window.lib
       Manifest:
         C:\Program Files (x86)\Microsoft SDKs\Windows\v7.0A\bin\mt.exe /nologo /verbose /out:"Debug\Lab1.exe.embed.manifest" /manifest Debug\Lab1.exe.intermediate.manifest
         C:\Program Files (x86)\Microsoft SDKs\Windows\v7.0A\bin\rc.exe /nologo /fo"Debug\Lab1.exe.embed.manifest.res" Debug\Lab1_manifest.rc 
       LinkEmbedManifest:
         c:\Program Files (x86)\Microsoft Visual Studio 10.0\VC\bin\link.exe /ERRORREPORT:PROMPT /OUT:"C:\Users\bmd1\Documents\GitHub\GP2BaseCode\GP2BaseCode\Debug\Lab1.exe" /INCREMENTAL /NOLOGO kernel32.lib user32.lib gdi32.lib winspool.lib comdlg32.lib advapi32.lib shell32.lib ole32.lib oleaut32.lib uuid.lib odbc32.lib odbccp32.lib /MANIFEST /ManifestFile:"Debug\Lab1.exe.intermediate.manifest" /MANIFESTUAC:"level='asInvoker' uiAccess='false'" /DEBUG /PDB:"C:\Users\bmd1\Documents\GitHub\GP2BaseCode\GP2BaseCode\Debug\Lab1.pdb" /SUBSYSTEM:WINDOWS /TLBID:1 /DYNAMICBASE /NXCOMPAT /IMPLIB:"C:\Users\bmd1\Documents\GitHub\GP2BaseCode\GP2BaseCode\Debug\Lab1.lib" /MACHINE:X86 Debug\Lab1.exe.embed.manifest.res
         Debug\main.obj
         C:\Users\bmd1\Documents\GitHub\GP2BaseCode\GP2BaseCode\Debug\GameApplication.lib
         C:\Users\bmd1\Documents\GitHub\GP2BaseCode\GP2BaseCode\Debug\Window.lib
         Lab1.vcxproj -> C:\Users\bmd1\Documents\GitHub\GP2BaseCode\GP2BaseCode\Debug\Lab1.exe
       FinalizeBuildStatus:
         Deleting file "Debug\Lab1.unsuccessfulbuild".
         Touching "Debug\Lab1.lastbuildstate".
     1>Done Building Project "C:\Users\bmd1\Documents\GitHub\GP2BaseCode\GP2BaseCode\Lab1\Lab1.vcxproj" (build target(s)).

Build succeeded.

Time Elapsed 00:00:01.09
